<?xml version="1.0" encoding="UTF-8"?>
<!-- Generated by org.testng.reporters.JUnitReportReporter -->
<testsuite hostname="MSI" failures="0" tests="1" name="com.pom.leavetrackertests.LoginTestPage" time="19.323" errors="0" timestamp="2025-04-29T09:57:48 IST" skipped="0">
  <testcase classname="com.pom.leavetrackertests.LoginTestPage" name="testLoginFunction" time="19.323"/>
  <system-out/>
</testsuite> <!-- com.pom.leavetrackertests.LoginTestPage -->
