<?xml version="1.0" encoding="UTF-8"?>
<!-- Generated by org.testng.reporters.JUnitReportReporter -->
<testsuite hostname="MSI" failures="0" tests="1" name="com.pom.leavetrackertests.SwipeUserCard" time="24.293" errors="0" timestamp="2025-04-29T15:40:19 IST" skipped="0">
  <testcase classname="com.pom.leavetrackertests.SwipeUserCard" name="testUserScrollFunction" time="24.293"/>
  <system-out/>
</testsuite> <!-- com.pom.leavetrackertests.SwipeUserCard -->
