<?xml version="1.0" encoding="UTF-8"?>
<!-- Generated by org.testng.reporters.JUnitReportReporter -->
<testsuite hostname="MSI" failures="0" tests="1" name="com.leavetrackertests.MultipleCalenderDates" time="20.289" errors="0" timestamp="2025-04-15T13:00:40 IST" skipped="0">
  <testcase classname="com.leavetrackertests.MultipleCalenderDates" name="testLoginFunction" time="20.289"/>
  <system-out/>
</testsuite> <!-- com.leavetrackertests.MultipleCalenderDates -->
