<?xml version="1.0" encoding="UTF-8"?>
<!-- Generated by org.testng.reporters.JUnitReportReporter -->
<testsuite hostname="MSI" failures="0" tests="1" name="com.pom.leavetrackertests.TimeLogTestPage2" time="35.796" errors="0" timestamp="2025-04-24T15:59:27 IST" skipped="0">
  <testcase classname="com.pom.leavetrackertests.TimeLogTestPage2" name="testLoginFunction" time="35.796"/>
  <system-out/>
</testsuite> <!-- com.pom.leavetrackertests.TimeLogTestPage2 -->
