<?xml version="1.0" encoding="UTF-8"?>
<!-- Generated by org.testng.reporters.JUnitReportReporter -->
<testsuite hostname="MSI" failures="0" tests="1" name="com.leavetrackertests.CalenderTest" time="40.246" errors="0" timestamp="2025-04-14T15:03:59 IST" skipped="0">
  <testcase classname="com.leavetrackertests.CalenderTest" name="testLoginFunction" time="40.246"/>
  <system-out/>
</testsuite> <!-- com.leavetrackertests.CalenderTest -->
